[debug] [2021-03-17T14:45:30.334Z] ----------------------------------------------------------------------
[debug] [2021-03-17T14:45:30.340Z] Command:       /usr/local/bin/node /usr/local/bin/firebase init
[debug] [2021-03-17T14:45:30.340Z] CLI Version:   7.15.0
[debug] [2021-03-17T14:45:30.340Z] Platform:      darwin
[debug] [2021-03-17T14:45:30.341Z] Node Version:  v12.16.1
[debug] [2021-03-17T14:45:30.350Z] Time:          Wed Mar 17 2021 20:15:30 GMT+0530 (India Standard Time)
[debug] [2021-03-17T14:45:30.351Z] ----------------------------------------------------------------------
[debug] [2021-03-17T14:45:30.351Z] 
[debug] [2021-03-17T14:45:30.369Z] > command requires scopes: ["email","openid","https://www.googleapis.com/auth/cloudplatformprojects.readonly","https://www.googleapis.com/auth/firebase","https://www.googleapis.com/auth/cloud-platform"]
[debug] [2021-03-17T14:45:30.369Z] > authorizing via signed-in user
[info] 
     ######## #### ########  ######## ########     ###     ######  ########
     ##        ##  ##     ## ##       ##     ##  ##   ##  ##       ##
     ######    ##  ########  ######   ########  #########  ######  ######
     ##        ##  ##    ##  ##       ##     ## ##     ##       ## ##
     ##       #### ##     ## ######## ########  ##     ##  ######  ########

You're about to initialize a Firebase project in this directory:

  /Users/udit/Desktop/Manish_Website

Before we get started, keep in mind:

  * You are initializing in an existing Firebase project directory

[info] 
=== Project Setup
[info] 
[info] First, let's associate this project directory with a Firebase project.
[info] You can create multiple project aliases by running firebase use --add, 
[info] but for now we'll just set up a default project.
[info] 
[info] i  .firebaserc already has a default project, using msic-web.
[debug] [2021-03-17T14:45:34.960Z] > refreshing access token with scopes: ["email","https://www.googleapis.com/auth/cloud-platform","https://www.googleapis.com/auth/cloudplatformprojects.readonly","https://www.googleapis.com/auth/firebase","openid"]
[debug] [2021-03-17T14:45:34.961Z] >>> HTTP REQUEST POST https://www.googleapis.com/oauth2/v3/token  
 <request body omitted>
[debug] [2021-03-17T14:45:35.337Z] <<< HTTP RESPONSE 400
[debug] [2021-03-17T14:45:35.339Z] >>> HTTP REQUEST GET https://firebase.googleapis.com/v1beta1/projects/msic-web  
 
[debug] [2021-03-17T14:45:35.575Z] <<< HTTP RESPONSE 401
[debug] [2021-03-17T14:45:35.576Z] <<< HTTP RESPONSE BODY
[debug] [2021-03-17T14:45:35.579Z] HTTP Error: 401, Request had invalid authentication credentials. Expected OAuth 2 access token, login cookie or other valid authentication credential. See https://developers.google.com/identity/sign-in/web/devconsole-project.
[debug] [2021-03-17T14:45:35.965Z] FirebaseError: HTTP Error: 401, Request had invalid authentication credentials. Expected OAuth 2 access token, login cookie or other valid authentication credential. See https://developers.google.com/identity/sign-in/web/devconsole-project.
    at module.exports (/usr/local/lib/node_modules/firebase-tools/lib/responseToError.js:38:12)
    at Request._callback (/usr/local/lib/node_modules/firebase-tools/lib/api.js:39:35)
    at Request.self.callback (/usr/local/lib/node_modules/firebase-tools/node_modules/request/request.js:185:22)
    at Request.emit (events.js:311:20)
    at Request.EventEmitter.emit (domain.js:482:12)
    at Request.<anonymous> (/usr/local/lib/node_modules/firebase-tools/node_modules/request/request.js:1154:10)
    at Request.emit (events.js:311:20)
    at Request.EventEmitter.emit (domain.js:482:12)
    at IncomingMessage.<anonymous> (/usr/local/lib/node_modules/firebase-tools/node_modules/request/request.js:1076:12)
    at Object.onceWrapper (events.js:417:28)
    at IncomingMessage.emit (events.js:323:22)
    at IncomingMessage.EventEmitter.emit (domain.js:482:12)
    at endReadableNT (_stream_readable.js:1204:12)
    at processTicksAndRejections (internal/process/task_queues.js:84:21)
[error] 
[error] Error: Failed to get Firebase project msic-web. Please make sure the project exists and your account has permission to access it.
